{"D:\\node js projects\\parcel_company_orm\\models\\parcel.js": {"path":"D:\\node js projects\\parcel_company_orm\\models\\parcel.js","statementMap":{"0":{"start":{"line":1,"column":0},"end":{"line":25,"column":2}},"1":{"start":{"line":2,"column":2},"end":{"line":24,"column":4}}},"fnMap":{"0":{"name":"(anonymous_0)","decl":{"start":{"line":1,"column":17},"end":{"line":1,"column":18}},"loc":{"start":{"line":1,"column":37},"end":{"line":25,"column":1}},"line":1}},"branchMap":{},"s":{"0":3,"1":3},"f":{"0":3},"b":{},"_coverageSchema":"1a1c01bbd47fc00a2c39e90264f33305004495a9","hash":"6e6b3baddeff8cd4ad0fdbfe3a0e8eb3a434fc7b"}
,"D:\\node js projects\\parcel_company_orm\\models\\relationships.js": {"path":"D:\\node js projects\\parcel_company_orm\\models\\relationships.js","statementMap":{"0":{"start":{"line":1,"column":19},"end":{"line":1,"column":36}},"1":{"start":{"line":2,"column":21},"end":{"line":2,"column":40}},"2":{"start":{"line":4,"column":12},"end":{"line":4,"column":40}},"3":{"start":{"line":5,"column":18},"end":{"line":5,"column":38}},"4":{"start":{"line":7,"column":13},"end":{"line":7,"column":49}},"5":{"start":{"line":8,"column":15},"end":{"line":8,"column":53}},"6":{"start":{"line":11,"column":0},"end":{"line":11,"column":21}},"7":{"start":{"line":12,"column":0},"end":{"line":12,"column":23}},"8":{"start":{"line":14,"column":0},"end":{"line":14,"column":37}},"9":{"start":{"line":16,"column":0},"end":{"line":19,"column":2}}},"fnMap":{},"branchMap":{},"s":{"0":3,"1":3,"2":3,"3":3,"4":3,"5":3,"6":3,"7":3,"8":3,"9":3},"f":{},"b":{},"_coverageSchema":"1a1c01bbd47fc00a2c39e90264f33305004495a9","hash":"52d4cc385e71f67487d6729d143d3578090f70e1"}
,"D:\\node js projects\\parcel_company_orm\\models\\user.js": {"path":"D:\\node js projects\\parcel_company_orm\\models\\user.js","statementMap":{"0":{"start":{"line":1,"column":0},"end":{"line":35,"column":2}},"1":{"start":{"line":2,"column":2},"end":{"line":34,"column":4}}},"fnMap":{"0":{"name":"(anonymous_0)","decl":{"start":{"line":1,"column":17},"end":{"line":1,"column":18}},"loc":{"start":{"line":1,"column":37},"end":{"line":35,"column":1}},"line":1}},"branchMap":{},"s":{"0":3,"1":3},"f":{"0":3},"b":{},"_coverageSchema":"1a1c01bbd47fc00a2c39e90264f33305004495a9","hash":"6e24920a8a011ba142a82035e17bcc446f8e0946"}
,"D:\\node js projects\\parcel_company_orm\\services\\encryptionService.js": {"path":"D:\\node js projects\\parcel_company_orm\\services\\encryptionService.js","statementMap":{"0":{"start":{"line":1,"column":15},"end":{"line":1,"column":32}},"1":{"start":{"line":2,"column":0},"end":{"line":45,"column":2}},"2":{"start":{"line":4,"column":12},"end":{"line":17,"column":6}},"3":{"start":{"line":5,"column":6},"end":{"line":16,"column":9}},"4":{"start":{"line":7,"column":8},"end":{"line":15,"column":11}},"5":{"start":{"line":8,"column":10},"end":{"line":10,"column":11}},"6":{"start":{"line":9,"column":12},"end":{"line":9,"column":24}},"7":{"start":{"line":11,"column":10},"end":{"line":14,"column":13}},"8":{"start":{"line":18,"column":4},"end":{"line":22,"column":7}},"9":{"start":{"line":19,"column":6},"end":{"line":19,"column":21}},"10":{"start":{"line":21,"column":6},"end":{"line":21,"column":20}},"11":{"start":{"line":27,"column":12},"end":{"line":38,"column":6}},"12":{"start":{"line":28,"column":6},"end":{"line":37,"column":9}},"13":{"start":{"line":29,"column":8},"end":{"line":31,"column":9}},"14":{"start":{"line":30,"column":10},"end":{"line":30,"column":22}},"15":{"start":{"line":32,"column":8},"end":{"line":36,"column":9}},"16":{"start":{"line":33,"column":10},"end":{"line":33,"column":70}},"17":{"start":{"line":35,"column":10},"end":{"line":35,"column":55}},"18":{"start":{"line":39,"column":4},"end":{"line":43,"column":7}},"19":{"start":{"line":40,"column":6},"end":{"line":40,"column":21}},"20":{"start":{"line":42,"column":6},"end":{"line":42,"column":20}}},"fnMap":{"0":{"name":"encrypt","decl":{"start":{"line":3,"column":26},"end":{"line":3,"column":33}},"loc":{"start":{"line":3,"column":44},"end":{"line":23,"column":3}},"line":3},"1":{"name":"(anonymous_1)","decl":{"start":{"line":4,"column":24},"end":{"line":4,"column":25}},"loc":{"start":{"line":4,"column":45},"end":{"line":17,"column":5}},"line":4},"2":{"name":"(anonymous_2)","decl":{"start":{"line":5,"column":25},"end":{"line":5,"column":26}},"loc":{"start":{"line":5,"column":46},"end":{"line":16,"column":7}},"line":5},"3":{"name":"(anonymous_3)","decl":{"start":{"line":7,"column":36},"end":{"line":7,"column":37}},"loc":{"start":{"line":7,"column":63},"end":{"line":15,"column":9}},"line":7},"4":{"name":"(anonymous_4)","decl":{"start":{"line":18,"column":18},"end":{"line":18,"column":19}},"loc":{"start":{"line":18,"column":31},"end":{"line":20,"column":5}},"line":18},"5":{"name":"(anonymous_5)","decl":{"start":{"line":20,"column":13},"end":{"line":20,"column":14}},"loc":{"start":{"line":20,"column":26},"end":{"line":22,"column":5}},"line":20},"6":{"name":"decrypt","decl":{"start":{"line":26,"column":29},"end":{"line":26,"column":36}},"loc":{"start":{"line":26,"column":59},"end":{"line":44,"column":3}},"line":26},"7":{"name":"(anonymous_7)","decl":{"start":{"line":27,"column":24},"end":{"line":27,"column":25}},"loc":{"start":{"line":27,"column":45},"end":{"line":38,"column":5}},"line":27},"8":{"name":"(anonymous_8)","decl":{"start":{"line":28,"column":43},"end":{"line":28,"column":44}},"loc":{"start":{"line":28,"column":73},"end":{"line":37,"column":7}},"line":28},"9":{"name":"(anonymous_9)","decl":{"start":{"line":39,"column":18},"end":{"line":39,"column":19}},"loc":{"start":{"line":39,"column":31},"end":{"line":41,"column":5}},"line":39},"10":{"name":"(anonymous_10)","decl":{"start":{"line":41,"column":13},"end":{"line":41,"column":14}},"loc":{"start":{"line":41,"column":26},"end":{"line":43,"column":5}},"line":41}},"branchMap":{"0":{"loc":{"start":{"line":8,"column":10},"end":{"line":10,"column":11}},"type":"if","locations":[{"start":{"line":8,"column":10},"end":{"line":10,"column":11}},{"start":{},"end":{}}],"line":8},"1":{"loc":{"start":{"line":29,"column":8},"end":{"line":31,"column":9}},"type":"if","locations":[{"start":{"line":29,"column":8},"end":{"line":31,"column":9}},{"start":{},"end":{}}],"line":29},"2":{"loc":{"start":{"line":32,"column":8},"end":{"line":36,"column":9}},"type":"if","locations":[{"start":{"line":32,"column":8},"end":{"line":36,"column":9}},{"start":{"line":34,"column":15},"end":{"line":36,"column":9}}],"line":32}},"s":{"0":2,"1":2,"2":2,"3":2,"4":2,"5":2,"6":0,"7":2,"8":2,"9":2,"10":0,"11":5,"12":5,"13":5,"14":0,"15":5,"16":3,"17":2,"18":5,"19":5,"20":0},"f":{"0":2,"1":2,"2":2,"3":2,"4":2,"5":0,"6":5,"7":5,"8":5,"9":5,"10":0},"b":{"0":[0,2],"1":[0,5],"2":[3,2]},"_coverageSchema":"1a1c01bbd47fc00a2c39e90264f33305004495a9","hash":"0fb77ad73437d50c7b57fcc2142583ef9ffad6e8"}
,"D:\\node js projects\\parcel_company_orm\\services\\mockedData.js": {"path":"D:\\node js projects\\parcel_company_orm\\services\\mockedData.js","statementMap":{"0":{"start":{"line":1,"column":14},"end":{"line":20,"column":1}},"1":{"start":{"line":22,"column":14},"end":{"line":47,"column":1}},"2":{"start":{"line":49,"column":14},"end":{"line":62,"column":1}},"3":{"start":{"line":64,"column":0},"end":{"line":64,"column":41}}},"fnMap":{},"branchMap":{},"s":{"0":1,"1":1,"2":1,"3":1},"f":{},"b":{},"_coverageSchema":"1a1c01bbd47fc00a2c39e90264f33305004495a9","hash":"3a42571d564d253cf313af6f25f20b8987d2966d"}
,"D:\\node js projects\\parcel_company_orm\\services\\parcelService.js": {"path":"D:\\node js projects\\parcel_company_orm\\services\\parcelService.js","statementMap":{"0":{"start":{"line":1,"column":19},"end":{"line":1,"column":53}},"1":{"start":{"line":3,"column":0},"end":{"line":25,"column":2}},"2":{"start":{"line":5,"column":20},"end":{"line":7,"column":6}},"3":{"start":{"line":8,"column":4},"end":{"line":8,"column":19}},"4":{"start":{"line":11,"column":4},"end":{"line":11,"column":30}},"5":{"start":{"line":12,"column":4},"end":{"line":12,"column":32}},"6":{"start":{"line":15,"column":4},"end":{"line":22,"column":6}},"7":{"start":{"line":23,"column":4},"end":{"line":23,"column":35}}},"fnMap":{"0":{"name":"all","decl":{"start":{"line":4,"column":22},"end":{"line":4,"column":25}},"loc":{"start":{"line":4,"column":28},"end":{"line":9,"column":3}},"line":4},"1":{"name":"create","decl":{"start":{"line":10,"column":25},"end":{"line":10,"column":31}},"loc":{"start":{"line":10,"column":38},"end":{"line":13,"column":3}},"line":10},"2":{"name":"update","decl":{"start":{"line":14,"column":25},"end":{"line":14,"column":31}},"loc":{"start":{"line":14,"column":36},"end":{"line":24,"column":3}},"line":14}},"branchMap":{},"s":{"0":1,"1":1,"2":1,"3":1,"4":1,"5":1,"6":1,"7":1},"f":{"0":1,"1":1,"2":1},"b":{},"_coverageSchema":"1a1c01bbd47fc00a2c39e90264f33305004495a9","hash":"6e0c8da52b5eb3c478f887c651a4208a9c692a79"}
,"D:\\node js projects\\parcel_company_orm\\services\\truckService.js": {"path":"D:\\node js projects\\parcel_company_orm\\services\\truckService.js","statementMap":{"0":{"start":{"line":1,"column":17},"end":{"line":1,"column":51}},"1":{"start":{"line":2,"column":19},"end":{"line":2,"column":53}},"2":{"start":{"line":3,"column":15},"end":{"line":3,"column":35}},"3":{"start":{"line":4,"column":18},"end":{"line":4,"column":38}},"4":{"start":{"line":6,"column":0},"end":{"line":105,"column":2}},"5":{"start":{"line":8,"column":18},"end":{"line":15,"column":6}},"6":{"start":{"line":16,"column":4},"end":{"line":16,"column":17}},"7":{"start":{"line":19,"column":19},"end":{"line":44,"column":6}},"8":{"start":{"line":45,"column":4},"end":{"line":45,"column":26}},"9":{"start":{"line":48,"column":6},"end":{"line":48,"column":69}},"10":{"start":{"line":51,"column":4},"end":{"line":51,"column":18}},"11":{"start":{"line":54,"column":17},"end":{"line":66,"column":6}},"12":{"start":{"line":67,"column":4},"end":{"line":67,"column":16}},"13":{"start":{"line":70,"column":19},"end":{"line":96,"column":6}},"14":{"start":{"line":97,"column":4},"end":{"line":97,"column":26}},"15":{"start":{"line":100,"column":6},"end":{"line":100,"column":69}},"16":{"start":{"line":102,"column":4},"end":{"line":102,"column":24}},"17":{"start":{"line":103,"column":4},"end":{"line":103,"column":18}}},"fnMap":{"0":{"name":"all","decl":{"start":{"line":7,"column":22},"end":{"line":7,"column":25}},"loc":{"start":{"line":7,"column":28},"end":{"line":17,"column":3}},"line":7},"1":{"name":"trucks","decl":{"start":{"line":18,"column":25},"end":{"line":18,"column":31}},"loc":{"start":{"line":18,"column":34},"end":{"line":52,"column":3}},"line":18},"2":{"name":"total","decl":{"start":{"line":47,"column":13},"end":{"line":47,"column":18}},"loc":{"start":{"line":47,"column":25},"end":{"line":49,"column":5}},"line":47},"3":{"name":"view","decl":{"start":{"line":53,"column":23},"end":{"line":53,"column":27}},"loc":{"start":{"line":53,"column":32},"end":{"line":68,"column":3}},"line":53},"4":{"name":"search","decl":{"start":{"line":69,"column":25},"end":{"line":69,"column":31}},"loc":{"start":{"line":69,"column":38},"end":{"line":104,"column":3}},"line":69},"5":{"name":"total","decl":{"start":{"line":99,"column":13},"end":{"line":99,"column":18}},"loc":{"start":{"line":99,"column":25},"end":{"line":101,"column":5}},"line":99}},"branchMap":{},"s":{"0":1,"1":1,"2":1,"3":1,"4":1,"5":1,"6":1,"7":1,"8":1,"9":2,"10":1,"11":1,"12":1,"13":1,"14":1,"15":2,"16":1,"17":1},"f":{"0":1,"1":1,"2":2,"3":1,"4":1,"5":2},"b":{},"_coverageSchema":"1a1c01bbd47fc00a2c39e90264f33305004495a9","hash":"e09829bf292056a16fc2f7719ca644317376ee47"}
,"D:\\node js projects\\parcel_company_orm\\services\\userServices.js": {"path":"D:\\node js projects\\parcel_company_orm\\services\\userServices.js","statementMap":{"0":{"start":{"line":1,"column":17},"end":{"line":1,"column":51}},"1":{"start":{"line":2,"column":15},"end":{"line":2,"column":35}},"2":{"start":{"line":3,"column":32},"end":{"line":3,"column":62}},"3":{"start":{"line":5,"column":0},"end":{"line":48,"column":2}},"4":{"start":{"line":7,"column":19},"end":{"line":12,"column":6}},"5":{"start":{"line":13,"column":4},"end":{"line":20,"column":5}},"6":{"start":{"line":14,"column":19},"end":{"line":14,"column":47}},"7":{"start":{"line":15,"column":6},"end":{"line":15,"column":32}},"8":{"start":{"line":16,"column":6},"end":{"line":16,"column":30}},"9":{"start":{"line":17,"column":6},"end":{"line":17,"column":56}},"10":{"start":{"line":19,"column":6},"end":{"line":19,"column":58}},"11":{"start":{"line":24,"column":19},"end":{"line":29,"column":6}},"12":{"start":{"line":30,"column":4},"end":{"line":46,"column":5}},"13":{"start":{"line":31,"column":6},"end":{"line":31,"column":53}},"14":{"start":{"line":33,"column":22},"end":{"line":33,"column":73}},"15":{"start":{"line":35,"column":6},"end":{"line":45,"column":7}},"16":{"start":{"line":36,"column":8},"end":{"line":40,"column":9}},"17":{"start":{"line":37,"column":10},"end":{"line":37,"column":53}},"18":{"start":{"line":39,"column":10},"end":{"line":39,"column":54}},"19":{"start":{"line":41,"column":13},"end":{"line":45,"column":7}},"20":{"start":{"line":42,"column":8},"end":{"line":44,"column":10}}},"fnMap":{"0":{"name":"sign_up","decl":{"start":{"line":6,"column":26},"end":{"line":6,"column":33}},"loc":{"start":{"line":6,"column":40},"end":{"line":21,"column":3}},"line":6},"1":{"name":"sign_in","decl":{"start":{"line":23,"column":26},"end":{"line":23,"column":33}},"loc":{"start":{"line":23,"column":40},"end":{"line":47,"column":3}},"line":23}},"branchMap":{"0":{"loc":{"start":{"line":13,"column":4},"end":{"line":20,"column":5}},"type":"if","locations":[{"start":{"line":13,"column":4},"end":{"line":20,"column":5}},{"start":{"line":18,"column":11},"end":{"line":20,"column":5}}],"line":13},"1":{"loc":{"start":{"line":30,"column":4},"end":{"line":46,"column":5}},"type":"if","locations":[{"start":{"line":30,"column":4},"end":{"line":46,"column":5}},{"start":{"line":32,"column":11},"end":{"line":46,"column":5}}],"line":30},"2":{"loc":{"start":{"line":35,"column":6},"end":{"line":45,"column":7}},"type":"if","locations":[{"start":{"line":35,"column":6},"end":{"line":45,"column":7}},{"start":{"line":41,"column":13},"end":{"line":45,"column":7}}],"line":35},"3":{"loc":{"start":{"line":36,"column":8},"end":{"line":40,"column":9}},"type":"if","locations":[{"start":{"line":36,"column":8},"end":{"line":40,"column":9}},{"start":{"line":38,"column":15},"end":{"line":40,"column":9}}],"line":36},"4":{"loc":{"start":{"line":41,"column":13},"end":{"line":45,"column":7}},"type":"if","locations":[{"start":{"line":41,"column":13},"end":{"line":45,"column":7}},{"start":{},"end":{}}],"line":41}},"s":{"0":1,"1":1,"2":1,"3":1,"4":2,"5":2,"6":1,"7":1,"8":1,"9":1,"10":1,"11":4,"12":4,"13":1,"14":3,"15":3,"16":2,"17":1,"18":1,"19":1,"20":1},"f":{"0":2,"1":4},"b":{"0":[1,1],"1":[1,3],"2":[2,1],"3":[1,1],"4":[1,0]},"_coverageSchema":"1a1c01bbd47fc00a2c39e90264f33305004495a9","hash":"b1cd1c5e4182673bbdef89465e3bef3ff519011a"}
,"D:\\node js projects\\parcel_company_orm\\src\\connection.js": {"path":"D:\\node js projects\\parcel_company_orm\\src\\connection.js","statementMap":{"0":{"start":{"line":1,"column":18},"end":{"line":1,"column":38}},"1":{"start":{"line":2,"column":18},"end":{"line":6,"column":2}},"2":{"start":{"line":8,"column":0},"end":{"line":10,"column":2}},"3":{"start":{"line":11,"column":0},"end":{"line":11,"column":29}}},"fnMap":{},"branchMap":{},"s":{"0":3,"1":3,"2":3,"3":3},"f":{},"b":{},"_coverageSchema":"1a1c01bbd47fc00a2c39e90264f33305004495a9","hash":"80fe095cbf6a846f60e727811a4be2e47cbfefa0"}
}
