TN:
SF:models\parcel.js
FN:1,(anonymous_0)
FNF:1
FNH:1
FNDA:3,(anonymous_0)
DA:1,3
DA:2,3
LF:2
LH:2
BRF:0
BRH:0
end_of_record
TN:
SF:models\relationships.js
FNF:0
FNH:0
DA:1,3
DA:2,3
DA:4,3
DA:5,3
DA:7,3
DA:8,3
DA:11,3
DA:12,3
DA:14,3
DA:16,3
LF:10
LH:10
BRF:0
BRH:0
end_of_record
TN:
SF:models\user.js
FN:1,(anonymous_0)
FNF:1
FNH:1
FNDA:3,(anonymous_0)
DA:1,3
DA:2,3
LF:2
LH:2
BRF:0
BRH:0
end_of_record
TN:
SF:services\encryptionService.js
FN:3,encrypt
FN:4,(anonymous_1)
FN:5,(anonymous_2)
FN:7,(anonymous_3)
FN:18,(anonymous_4)
FN:20,(anonymous_5)
FN:26,decrypt
FN:27,(anonymous_7)
FN:28,(anonymous_8)
FN:39,(anonymous_9)
FN:41,(anonymous_10)
FNF:11
FNH:9
FNDA:2,encrypt
FNDA:2,(anonymous_1)
FNDA:2,(anonymous_2)
FNDA:2,(anonymous_3)
FNDA:2,(anonymous_4)
FNDA:0,(anonymous_5)
FNDA:5,decrypt
FNDA:5,(anonymous_7)
FNDA:5,(anonymous_8)
FNDA:5,(anonymous_9)
FNDA:0,(anonymous_10)
DA:1,2
DA:2,2
DA:4,2
DA:5,2
DA:7,2
DA:8,2
DA:9,0
DA:11,2
DA:18,2
DA:19,2
DA:21,0
DA:27,5
DA:28,5
DA:29,5
DA:30,0
DA:32,5
DA:33,3
DA:35,2
DA:39,5
DA:40,5
DA:42,0
LF:21
LH:17
BRDA:8,0,0,0
BRDA:8,0,1,2
BRDA:29,1,0,0
BRDA:29,1,1,5
BRDA:32,2,0,3
BRDA:32,2,1,2
BRF:6
BRH:4
end_of_record
TN:
SF:services\mockedData.js
FNF:0
FNH:0
DA:1,1
DA:22,1
DA:49,1
DA:64,1
LF:4
LH:4
BRF:0
BRH:0
end_of_record
TN:
SF:services\parcelService.js
FN:4,all
FN:10,create
FN:14,update
FNF:3
FNH:3
FNDA:1,all
FNDA:1,create
FNDA:1,update
DA:1,1
DA:3,1
DA:5,1
DA:8,1
DA:11,1
DA:12,1
DA:15,1
DA:23,1
LF:8
LH:8
BRF:0
BRH:0
end_of_record
TN:
SF:services\truckService.js
FN:7,all
FN:18,trucks
FN:47,total
FN:53,view
FN:69,search
FN:99,total
FNF:6
FNH:6
FNDA:1,all
FNDA:1,trucks
FNDA:2,total
FNDA:1,view
FNDA:1,search
FNDA:2,total
DA:1,1
DA:2,1
DA:3,1
DA:4,1
DA:6,1
DA:8,1
DA:16,1
DA:19,1
DA:45,1
DA:48,2
DA:51,1
DA:54,1
DA:67,1
DA:70,1
DA:97,1
DA:100,2
DA:102,1
DA:103,1
LF:18
LH:18
BRF:0
BRH:0
end_of_record
TN:
SF:services\userServices.js
FN:6,sign_up
FN:23,sign_in
FNF:2
FNH:2
FNDA:2,sign_up
FNDA:4,sign_in
DA:1,1
DA:2,1
DA:3,1
DA:5,1
DA:7,2
DA:13,2
DA:14,1
DA:15,1
DA:16,1
DA:17,1
DA:19,1
DA:24,4
DA:30,4
DA:31,1
DA:33,3
DA:35,3
DA:36,2
DA:37,1
DA:39,1
DA:41,1
DA:42,1
LF:21
LH:21
BRDA:13,0,0,1
BRDA:13,0,1,1
BRDA:30,1,0,1
BRDA:30,1,1,3
BRDA:35,2,0,2
BRDA:35,2,1,1
BRDA:36,3,0,1
BRDA:36,3,1,1
BRDA:41,4,0,1
BRDA:41,4,1,0
BRF:10
BRH:9
end_of_record
TN:
SF:src\connection.js
FNF:0
FNH:0
DA:1,3
DA:2,3
DA:8,3
DA:11,3
LF:4
LH:4
BRF:0
BRH:0
end_of_record
